
X Window System Version 6.8.2
Release Date: 9 February 2005
X Protocol Version 11, Revision 0, Release 6.8.2
Build Operating System: Linux 2.6.12-gentoo-r6 i686 [ELF] 
Current Operating System: Linux lappy 2.6.12-gentoo-r6 #2 Tue Aug 2 23:10:11 UTC 2005 i686
Build Date: 29 July 2005
	Before reporting problems, check http://wiki.X.Org
	to make sure that you have the latest version.
Module Loader present
Markers: (--) probed, (**) from config file, (==) default setting,
	(++) from command line, (!!) notice, (II) informational,
	(WW) warning, (EE) error, (NI) not implemented, (??) unknown.
(==) Log file: "/var/log/Xorg.0.log", Time: Tue Aug 16 21:51:35 2005
(==) Using config file: "/etc/X11/xorg.conf"
(==) ServerLayout "X.org Configured"
(**) |-->Screen "Screen0" (0)
(**) |   |-->Monitor "Monitor0"
(**) |   |-->Device "Card0"
(**) |-->Input Device "Keyboard0"
(==) |-->Input Device "<default pointer>"
(WW) The core pointer device wasn't specified explicitly in the layout.
	Using the default mouse configuration.
(WW) The directory "/usr/share/fonts/CID/" does not exist.
	Entry deleted from font path.
(**) FontPath set to "/usr/share/fonts/misc/,/usr/share/fonts/TTF/,/usr/share/fonts/Type1/,/usr/share/fonts/75dpi/,/usr/share/fonts/100dpi/"
(**) RgbPath set to "/usr/lib/X11/rgb"
(**) ModulePath set to "/usr/lib/modules"
(WW) Open APM failed (/dev/apm_bios) (No such file or directory)
(II) Module ABI versions:
	X.Org ANSI C Emulation: 0.2
	X.Org Video Driver: 0.7
	X.Org XInput driver : 0.4
	X.Org Server Extension : 0.2
	X.Org Font Renderer : 0.4
(II) Loader running on linux
(II) LoadModule: "bitmap"
(II) Loading /usr/lib/modules/fonts/libbitmap.a
(II) Module bitmap: vendor="X.Org Foundation"
	compiled for 6.8.2, module version = 1.0.0
	Module class: X.Org Font Renderer
	ABI class: X.Org Font Renderer, version 0.4
(II) Loading font Bitmap
(II) LoadModule: "pcidata"
(II) Loading /usr/lib/modules/libpcidata.a
(II) Module pcidata: vendor="X.Org Foundation"
	compiled for 6.8.2, module version = 1.0.0
	ABI class: X.Org Video Driver, version 0.7
Using vt 7
(--) using VT number 7

(II) PCI: PCI scan (all values are in hex)
(II) PCI: 00:00:0: chip 8086,1a30 card 0e11,004a rev 04 class 06,00,00 hdr 00
(II) PCI: 00:01:0: chip 8086,1a31 card 0000,0000 rev 04 class 06,04,00 hdr 01
(II) PCI: 00:1e:0: chip 8086,2448 card 0000,0000 rev 42 class 06,04,00 hdr 01
(II) PCI: 00:1f:0: chip 8086,248c card 0000,0000 rev 02 class 06,01,00 hdr 80
(II) PCI: 00:1f:1: chip 8086,248a card 0e11,004a rev 02 class 01,01,8a hdr 00
(II) PCI: 00:1f:5: chip 8086,2485 card 0e11,004a rev 02 class 04,01,00 hdr 00
(II) PCI: 01:00:0: chip 1002,4c57 card 0e11,004a rev 00 class 03,00,00 hdr 00
(II) PCI: 02:04:0: chip 11c1,0450 card 1468,0450 rev 02 class 07,80,00 hdr 00
(II) PCI: 02:06:0: chip 104c,ac50 card 0000,0000 rev 02 class 06,07,00 hdr 02
(II) PCI: 02:08:0: chip 8086,1031 card 0e11,0093 rev 42 class 02,00,00 hdr 00
(II) PCI: 02:0e:0: chip 1033,0035 card 0e11,004a rev 41 class 0c,03,10 hdr 80
(II) PCI: 02:0e:1: chip 1033,0035 card 0e11,004a rev 41 class 0c,03,10 hdr 00
(II) PCI: 02:0e:2: chip 1033,00e0 card 0e11,004a rev 02 class 0c,03,20 hdr 00
(II) PCI: End of PCI scan
(II) Host-to-PCI bridge:
(II) Bus 0: bridge is at (0:0:0), (0,0,3), BCTRL: 0x0008 (VGA_EN is set)
(II) Bus 0 I/O range:
	[0] -1	0	0x00000000 - 0x0000ffff (0x10000) IX[B]
(II) Bus 0 non-prefetchable memory range:
	[0] -1	0	0x00000000 - 0xffffffff (0x0) MX[B]
(II) Bus 0 prefetchable memory range:
	[0] -1	0	0x00000000 - 0xffffffff (0x0) MX[B]
(II) PCI-to-PCI bridge:
(II) Bus 1: bridge is at (0:1:0), (0,1,1), BCTRL: 0x000c (VGA_EN is set)
(II) Bus 1 I/O range:
	[0] -1	0	0x00003000 - 0x000030ff (0x100) IX[B]
	[1] -1	0	0x00003400 - 0x000034ff (0x100) IX[B]
	[2] -1	0	0x00003800 - 0x000038ff (0x100) IX[B]
	[3] -1	0	0x00003c00 - 0x00003cff (0x100) IX[B]
(II) Bus 1 non-prefetchable memory range:
	[0] -1	0	0x80300000 - 0x803fffff (0x100000) MX[B]
(II) Bus 1 prefetchable memory range:
	[0] -1	0	0x88000000 - 0x900fffff (0x8100000) MX[B]
(II) PCI-to-PCI bridge:
(II) Bus 2: bridge is at (0:30:0), (0,2,3), BCTRL: 0x0006 (VGA_EN is cleared)
(II) Bus 2 I/O range:
	[0] -1	0	0x00002000 - 0x000020ff (0x100) IX[B]
	[1] -1	0	0x00002400 - 0x000024ff (0x100) IX[B]
	[2] -1	0	0x00002800 - 0x000028ff (0x100) IX[B]
	[3] -1	0	0x00002c00 - 0x00002cff (0x100) IX[B]
(II) Bus 2 non-prefetchable memory range:
	[0] -1	0	0x80000000 - 0x803fffff (0x400000) MX[B]
(II) PCI-to-ISA bridge:
(II) Bus -1: bridge is at (0:31:0), (0,-1,-1), BCTRL: 0x0008 (VGA_EN is set)
(II) PCI-to-CardBus bridge:
(II) Bus 3: bridge is at (2:6:0), (2,3,6), BCTRL: 0x03c4 (VGA_EN is cleared)
(--) PCI:*(1:0:0) ATI Technologies Inc Radeon Mobility M7 LW [Radeon Mobility 7500] rev 0, Mem @ 0x88000000/27, 0x80380000/16, I/O @ 0x3000/8
(II) Addressable bus resource ranges are
	[0] -1	0	0x00000000 - 0xffffffff (0x0) MX[B]
	[1] -1	0	0x00000000 - 0x0000ffff (0x10000) IX[B]
(II) OS-reported resource ranges:
	[0] -1	0	0xffe00000 - 0xffffffff (0x200000) MX[B](B)
	[1] -1	0	0x00100000 - 0x3fffffff (0x3ff00000) MX[B]E(B)
	[2] -1	0	0x000f0000 - 0x000fffff (0x10000) MX[B]
	[3] -1	0	0x000c0000 - 0x000effff (0x30000) MX[B]
	[4] -1	0	0x00000000 - 0x0009ffff (0xa0000) MX[B]
	[5] -1	0	0x0000ffff - 0x0000ffff (0x1) IX[B]
	[6] -1	0	0x00000000 - 0x000000ff (0x100) IX[B]
(II) PCI Memory resource overlap reduced 0xa0000000 from 0xafffffff to 0x9fffffff
(II) Active PCI resource ranges:
	[0] -1	0	0x10000400 - 0x100004ff (0x100) MX[B]
	[1] -1	0	0x80200000 - 0x80200fff (0x1000) MX[B]
	[2] -1	0	0x80180000 - 0x80180fff (0x1000) MX[B]
	[3] -1	0	0x80100000 - 0x80100fff (0x1000) MX[B]
	[4] -1	0	0x80280000 - 0x802800ff (0x100) MX[B]
	[5] -1	0	0x10000000 - 0x100003ff (0x400) MX[B]
	[6] -1	0	0xa0000000 - 0x9fffffff (0x0) MX[B]O
	[7] -1	0	0x80380000 - 0x8038ffff (0x10000) MX[B](B)
	[8] -1	0	0x88000000 - 0x8fffffff (0x8000000) MX[B](B)
	[9] -1	0	0x00002400 - 0x0000243f (0x40) IX[B]
	[10] -1	0	0x00002000 - 0x000020ff (0x100) IX[B]
	[11] -1	0	0x00002440 - 0x00002447 (0x8) IX[B]
	[12] -1	0	0x00004400 - 0x0000443f (0x40) IX[B]
	[13] -1	0	0x00004000 - 0x000040ff (0x100) IX[B]
	[14] -1	0	0x00004440 - 0x0000444f (0x10) IX[B]
	[15] -1	0	0x00003000 - 0x000030ff (0x100) IX[B](B)
(II) Active PCI resource ranges after removing overlaps:
	[0] -1	0	0x10000400 - 0x100004ff (0x100) MX[B]
	[1] -1	0	0x80200000 - 0x80200fff (0x1000) MX[B]
	[2] -1	0	0x80180000 - 0x80180fff (0x1000) MX[B]
	[3] -1	0	0x80100000 - 0x80100fff (0x1000) MX[B]
	[4] -1	0	0x80280000 - 0x802800ff (0x100) MX[B]
	[5] -1	0	0x10000000 - 0x100003ff (0x400) MX[B]
	[6] -1	0	0xa0000000 - 0x9fffffff (0x0) MX[B]O
	[7] -1	0	0x80380000 - 0x8038ffff (0x10000) MX[B](B)
	[8] -1	0	0x88000000 - 0x8fffffff (0x8000000) MX[B](B)
	[9] -1	0	0x00002400 - 0x0000243f (0x40) IX[B]
	[10] -1	0	0x00002000 - 0x000020ff (0x100) IX[B]
	[11] -1	0	0x00002440 - 0x00002447 (0x8) IX[B]
	[12] -1	0	0x00004400 - 0x0000443f (0x40) IX[B]
	[13] -1	0	0x00004000 - 0x000040ff (0x100) IX[B]
	[14] -1	0	0x00004440 - 0x0000444f (0x10) IX[B]
	[15] -1	0	0x00003000 - 0x000030ff (0x100) IX[B](B)
(II) OS-reported resource ranges after removing overlaps with PCI:
	[0] -1	0	0xffe00000 - 0xffffffff (0x200000) MX[B](B)
	[1] -1	0	0x00100000 - 0x0fffffff (0xff00000) MX[B]E(B)
	[2] -1	0	0x000f0000 - 0x000fffff (0x10000) MX[B]
	[3] -1	0	0x000c0000 - 0x000effff (0x30000) MX[B]
	[4] -1	0	0x00000000 - 0x0009ffff (0xa0000) MX[B]
	[5] -1	0	0x0000ffff - 0x0000ffff (0x1) IX[B]
	[6] -1	0	0x00000000 - 0x000000ff (0x100) IX[B]
(II) All system resource ranges:
	[0] -1	0	0xffe00000 - 0xffffffff (0x200000) MX[B](B)
	[1] -1	0	0x00100000 - 0x0fffffff (0xff00000) MX[B]E(B)
	[2] -1	0	0x000f0000 - 0x000fffff (0x10000) MX[B]
	[3] -1	0	0x000c0000 - 0x000effff (0x30000) MX[B]
	[4] -1	0	0x00000000 - 0x0009ffff (0xa0000) MX[B]
	[5] -1	0	0x10000400 - 0x100004ff (0x100) MX[B]
	[6] -1	0	0x80200000 - 0x80200fff (0x1000) MX[B]
	[7] -1	0	0x80180000 - 0x80180fff (0x1000) MX[B]
	[8] -1	0	0x80100000 - 0x80100fff (0x1000) MX[B]
	[9] -1	0	0x80280000 - 0x802800ff (0x100) MX[B]
	[10] -1	0	0x10000000 - 0x100003ff (0x400) MX[B]
	[11] -1	0	0xa0000000 - 0x9fffffff (0x0) MX[B]O
	[12] -1	0	0x80380000 - 0x8038ffff (0x10000) MX[B](B)
	[13] -1	0	0x88000000 - 0x8fffffff (0x8000000) MX[B](B)
	[14] -1	0	0x0000ffff - 0x0000ffff (0x1) IX[B]
	[15] -1	0	0x00000000 - 0x000000ff (0x100) IX[B]
	[16] -1	0	0x00002400 - 0x0000243f (0x40) IX[B]
	[17] -1	0	0x00002000 - 0x000020ff (0x100) IX[B]
	[18] -1	0	0x00002440 - 0x00002447 (0x8) IX[B]
	[19] -1	0	0x00004400 - 0x0000443f (0x40) IX[B]
	[20] -1	0	0x00004000 - 0x000040ff (0x100) IX[B]
	[21] -1	0	0x00004440 - 0x0000444f (0x10) IX[B]
	[22] -1	0	0x00003000 - 0x000030ff (0x100) IX[B](B)
(II) LoadModule: "extmod"
(II) Loading /usr/lib/modules/extensions/libextmod.a
(II) Module extmod: vendor="X.Org Foundation"
	compiled for 6.8.2, module version = 1.0.0
	Module class: X.Org Server Extension
	ABI class: X.Org Server Extension, version 0.2
(II) Loading extension SHAPE
(II) Loading extension MIT-SUNDRY-NONSTANDARD
(II) Loading extension BIG-REQUESTS
(II) Loading extension SYNC
(II) Loading extension MIT-SCREEN-SAVER
(II) Loading extension XC-MISC
(II) Loading extension XFree86-VidModeExtension
(II) Loading extension XFree86-Misc
(II) Loading extension XFree86-DGA
(II) Loading extension DPMS
(II) Loading extension TOG-CUP
(II) Loading extension Extended-Visual-Information
(II) Loading extension XVideo
(II) Loading extension XVideo-MotionCompensation
(II) Loading extension X-Resource
(II) LoadModule: "dri"
(II) Loading /usr/lib/modules/extensions/libdri.a
(II) Module dri: vendor="X.Org Foundation"
	compiled for 6.8.2, module version = 1.0.0
	ABI class: X.Org Server Extension, version 0.2
(II) Loading sub module "drm"
(II) LoadModule: "drm"
(II) Loading /usr/lib/modules/linux/libdrm.a
(II) Module drm: vendor="X.Org Foundation"
	compiled for 6.8.2, module version = 1.0.0
	ABI class: X.Org Server Extension, version 0.2
(II) Loading extension XFree86-DRI
(II) LoadModule: "dbe"
(II) Loading /usr/lib/modules/extensions/libdbe.a
(II) Module dbe: vendor="X.Org Foundation"
	compiled for 6.8.2, module version = 1.0.0
	Module class: X.Org Server Extension
	ABI class: X.Org Server Extension, version 0.2
(II) Loading extension DOUBLE-BUFFER
(II) LoadModule: "record"
(II) Loading /usr/lib/modules/extensions/librecord.a
(II) Module record: vendor="X.Org Foundation"
	compiled for 6.8.2, module version = 1.13.0
	Module class: X.Org Server Extension
	ABI class: X.Org Server Extension, version 0.2
(II) Loading extension RECORD
(II) LoadModule: "xtrap"
(II) Loading /usr/lib/modules/extensions/libxtrap.a
(II) Module xtrap: vendor="X.Org Foundation"
	compiled for 6.8.2, module version = 1.0.0
	Module class: X.Org Server Extension
	ABI class: X.Org Server Extension, version 0.2
(II) Loading extension DEC-XTRAP
(II) LoadModule: "glx"
(II) Loading /usr/lib/modules/extensions/libglx.a
(II) Module glx: vendor="X.Org Foundation"
	compiled for 6.8.2, module version = 1.0.0
	ABI class: X.Org Server Extension, version 0.2
(II) Loading sub module "GLcore"
(II) LoadModule: "GLcore"
(II) Loading /usr/lib/modules/extensions/libGLcore.a
(II) Module GLcore: vendor="X.Org Foundation"
	compiled for 6.8.2, module version = 1.0.0
	ABI class: X.Org Server Extension, version 0.2
(II) Loading extension GLX
(II) LoadModule: "type1"
(II) Loading /usr/lib/modules/fonts/libtype1.a
(II) Module type1: vendor="X.Org Foundation"
	compiled for 6.8.2, module version = 1.0.2
	Module class: X.Org Font Renderer
	ABI class: X.Org Font Renderer, version 0.4
(II) Loading font Type1
(II) Loading font CID
(II) LoadModule: "freetype"
(II) Loading /usr/lib/modules/fonts/libfreetype.so
(II) Module freetype: vendor="X.Org Foundation & the After X-TT Project"
	compiled for 6.8.2, module version = 2.1.0
	Module class: X.Org Font Renderer
	ABI class: X.Org Font Renderer, version 0.4
(II) Loading font FreeType
(II) LoadModule: "vga"
(II) Loading /usr/lib/modules/drivers/vga_drv.o
(II) Module vga: vendor="X.Org Foundation"
	compiled for 6.8.2, module version = 4.0.0
	Module class: X.Org Video Driver
	ABI class: X.Org Video Driver, version 0.7
(II) LoadModule: "kbd"
(II) Loading /usr/lib/modules/input/kbd_drv.o
(II) Module kbd: vendor="X.Org Foundation"
	compiled for 6.8.2, module version = 1.0.0
	Module class: X.Org XInput Driver
	ABI class: X.Org XInput driver, version 0.4
(II) LoadModule: "mouse"
(II) Loading /usr/lib/modules/input/mouse_drv.o
(II) Module mouse: vendor="X.Org Foundation"
	compiled for 6.8.2, module version = 1.0.0
	Module class: X.Org XInput Driver
	ABI class: X.Org XInput driver, version 0.4
(II) VGA: Generic VGA driver (version 4.0) for chipsets: generic
(II) Primary Device is: PCI 01:00:0
(--) Assigning device section with no busID to primary device
(--) Chipset generic found
(II) resource ranges after xf86ClaimFixedResources() call:
	[0] -1	0	0xffe00000 - 0xffffffff (0x200000) MX[B](B)
	[1] -1	0	0x00100000 - 0x0fffffff (0xff00000) MX[B]E(B)
	[2] -1	0	0x000f0000 - 0x000fffff (0x10000) MX[B]
	[3] -1	0	0x000c0000 - 0x000effff (0x30000) MX[B]
	[4] -1	0	0x00000000 - 0x0009ffff (0xa0000) MX[B]
	[5] -1	0	0x10000400 - 0x100004ff (0x100) MX[B]
	[6] -1	0	0x80200000 - 0x80200fff (0x1000) MX[B]
	[7] -1	0	0x80180000 - 0x80180fff (0x1000) MX[B]
	[8] -1	0	0x80100000 - 0x80100fff (0x1000) MX[B]
	[9] -1	0	0x80280000 - 0x802800ff (0x100) MX[B]
	[10] -1	0	0x10000000 - 0x100003ff (0x400) MX[B]
	[11] -1	0	0xa0000000 - 0x9fffffff (0x0) MX[B]O
	[12] -1	0	0x80380000 - 0x8038ffff (0x10000) MX[B](B)
	[13] -1	0	0x88000000 - 0x8fffffff (0x8000000) MX[B](B)
	[14] -1	0	0x0000ffff - 0x0000ffff (0x1) IX[B]
	[15] -1	0	0x00000000 - 0x000000ff (0x100) IX[B]
	[16] -1	0	0x00002400 - 0x0000243f (0x40) IX[B]
	[17] -1	0	0x00002000 - 0x000020ff (0x100) IX[B]
	[18] -1	0	0x00002440 - 0x00002447 (0x8) IX[B]
	[19] -1	0	0x00004400 - 0x0000443f (0x40) IX[B]
	[20] -1	0	0x00004000 - 0x000040ff (0x100) IX[B]
	[21] -1	0	0x00004440 - 0x0000444f (0x10) IX[B]
	[22] -1	0	0x00003000 - 0x000030ff (0x100) IX[B](B)
(II) resource ranges after probing:
	[0] -1	0	0xffe00000 - 0xffffffff (0x200000) MX[B](B)
	[1] -1	0	0x00100000 - 0x0fffffff (0xff00000) MX[B]E(B)
	[2] -1	0	0x000f0000 - 0x000fffff (0x10000) MX[B]
	[3] -1	0	0x000c0000 - 0x000effff (0x30000) MX[B]
	[4] -1	0	0x00000000 - 0x0009ffff (0xa0000) MX[B]
	[5] -1	0	0x10000400 - 0x100004ff (0x100) MX[B]
	[6] -1	0	0x80200000 - 0x80200fff (0x1000) MX[B]
	[7] -1	0	0x80180000 - 0x80180fff (0x1000) MX[B]
	[8] -1	0	0x80100000 - 0x80100fff (0x1000) MX[B]
	[9] -1	0	0x80280000 - 0x802800ff (0x100) MX[B]
	[10] -1	0	0x10000000 - 0x100003ff (0x400) MX[B]
	[11] -1	0	0xa0000000 - 0x9fffffff (0x0) MX[B]O
	[12] -1	0	0x80380000 - 0x8038ffff (0x10000) MX[B](B)
	[13] -1	0	0x88000000 - 0x8fffffff (0x8000000) MX[B](B)
	[14] 0	0	0x000a0000 - 0x000affff (0x10000) MS[B]
	[15] 0	0	0x000b0000 - 0x000b7fff (0x8000) MS[B]
	[16] 0	0	0x000b8000 - 0x000bffff (0x8000) MS[B]
	[17] -1	0	0x0000ffff - 0x0000ffff (0x1) IX[B]
	[18] -1	0	0x00000000 - 0x000000ff (0x100) IX[B]
	[19] -1	0	0x00002400 - 0x0000243f (0x40) IX[B]
	[20] -1	0	0x00002000 - 0x000020ff (0x100) IX[B]
	[21] -1	0	0x00002440 - 0x00002447 (0x8) IX[B]
	[22] -1	0	0x00004400 - 0x0000443f (0x40) IX[B]
	[23] -1	0	0x00004000 - 0x000040ff (0x100) IX[B]
	[24] -1	0	0x00004440 - 0x0000444f (0x10) IX[B]
	[25] -1	0	0x00003000 - 0x000030ff (0x100) IX[B](B)
	[26] 0	0	0x000003b0 - 0x000003bb (0xc) IS[B]
	[27] 0	0	0x000003c0 - 0x000003df (0x20) IS[B]
(II) Setting vga for screen 0.
(II) Loading sub module "int10"
(II) LoadModule: "int10"
(II) Loading /usr/lib/modules/linux/libint10.a
(II) Module int10: vendor="X.Org Foundation"
	compiled for 6.8.2, module version = 1.0.0
	ABI class: X.Org Video Driver, version 0.7
(II) VGA(0): initializing int10.
(II) VGA(0): Primary V_BIOS segment is: 0xc000
(II) VGA(0): Creating default Display subsection in Screen section
	"Screen0" for depth/fbbpp 4/4
(==) VGA(0): Depth 4, (==) framebuffer bpp 4
(==) VGA(0): RGB weight 666
(==) VGA(0): Default visual is StaticColor
(==) VGA(0): Using gamma correction (1.0, 1.0, 1.0)
(==) VGA(0): videoRam: 256 kBytes.
(II) Loading sub module "vgahw"
(II) LoadModule: "vgahw"
(II) Loading /usr/lib/modules/libvgahw.a
(II) Module vgahw: vendor="X.Org Foundation"
	compiled for 6.8.2, module version = 0.1.0
	ABI class: X.Org Video Driver, version 0.7
(II) VGA(0): vgaHWGetIOBase: hwp->IOBase is 0x03d0, hwp->PIOOffset is 0x0000
(--) VGA(0): Pixel clocks available:
(--) VGA(0): pixel clocks:  28.320  28.322  28.320  28.320
(II) VGA(0): Monitor0: Using default hsync range of 28.00-33.00 kHz
(II) VGA(0): Monitor0: Using default vrefresh range of 43.00-72.00 Hz
(II) VGA(0): Not using mode "1024x768" (insufficient memory for mode)
(II) VGA(0): Not using default mode "640x350" (hsync out of range)
(II) VGA(0): Not using default mode "320x175" (hsync out of range)
(II) VGA(0): Not using default mode "640x400" (hsync out of range)
(II) VGA(0): Not using default mode "320x200" (hsync out of range)
(II) VGA(0): Not using default mode "720x400" (hsync out of range)
(II) VGA(0): Not using default mode "360x200" (hsync out of range)
(II) VGA(0): Not using default mode "640x480" (hsync out of range)
(II) VGA(0): Not using default mode "320x240" (hsync out of range)
(II) VGA(0): Not using default mode "640x480" (hsync out of range)
(II) VGA(0): Not using default mode "320x240" (hsync out of range)
(II) VGA(0): Not using default mode "640x480" (hsync out of range)
(II) VGA(0): Not using default mode "320x240" (hsync out of range)
(II) VGA(0): Not using default mode "640x480" (hsync out of range)
(II) VGA(0): Not using default mode "320x240" (hsync out of range)
(II) VGA(0): Not using default mode "800x600" (hsync out of range)
(II) VGA(0): Not using default mode "400x300" (hsync out of range)
(II) VGA(0): Not using default mode "800x600" (hsync out of range)
(II) VGA(0): Not using default mode "400x300" (hsync out of range)
(II) VGA(0): Not using default mode "800x600" (hsync out of range)
(II) VGA(0): Not using default mode "400x300" (hsync out of range)
(II) VGA(0): Not using default mode "800x600" (hsync out of range)
(II) VGA(0): Not using default mode "400x300" (hsync out of range)
(II) VGA(0): Not using default mode "800x600" (hsync out of range)
(II) VGA(0): Not using default mode "400x300" (hsync out of range)
(II) VGA(0): Not using default mode "512x384" (bad mode clock/interlace/doublescan)
(II) VGA(0): Not using default mode "512x384" (hsync out of range)
(II) VGA(0): Not using default mode "512x384" (hsync out of range)
(II) VGA(0): Not using default mode "512x384" (hsync out of range)
(II) VGA(0): Not using default mode "512x384" (hsync out of range)
(II) VGA(0): Not using default mode "1152x864" (insufficient memory for mode)
(II) VGA(0): Not using default mode "576x432" (hsync out of range)
(II) VGA(0): Not using default mode "1280x960" (insufficient memory for mode)
(II) VGA(0): Not using default mode "640x480" (vrefresh out of range)
(II) VGA(0): Not using default mode "1280x960" (insufficient memory for mode)
(II) VGA(0): Not using default mode "640x480" (vrefresh out of range)
(II) VGA(0): Not using default mode "1280x1024" (insufficient memory for mode)
(II) VGA(0): Not using default mode "640x512" (hsync out of range)
(II) VGA(0): Not using default mode "1280x1024" (insufficient memory for mode)
(II) VGA(0): Not using default mode "640x512" (hsync out of range)
(II) VGA(0): Not using default mode "1280x1024" (insufficient memory for mode)
(II) VGA(0): Not using default mode "640x512" (vrefresh out of range)
(II) VGA(0): Not using default mode "1600x1200" (insufficient memory for mode)
(II) VGA(0): Not using default mode "800x600" (bad mode clock/interlace/doublescan)
(II) VGA(0): Not using default mode "1600x1200" (insufficient memory for mode)
(II) VGA(0): Not using default mode "800x600" (bad mode clock/interlace/doublescan)
(II) VGA(0): Not using default mode "1600x1200" (insufficient memory for mode)
(II) VGA(0): Not using default mode "800x600" (bad mode clock/interlace/doublescan)
(II) VGA(0): Not using default mode "1600x1200" (insufficient memory for mode)
(II) VGA(0): Not using default mode "800x600" (bad mode clock/interlace/doublescan)
(II) VGA(0): Not using default mode "1600x1200" (insufficient memory for mode)
(II) VGA(0): Not using default mode "800x600" (bad mode clock/interlace/doublescan)
(II) VGA(0): Not using default mode "1792x1344" (insufficient memory for mode)
(II) VGA(0): Not using default mode "896x672" (insufficient memory for mode)
(II) VGA(0): Not using default mode "1792x1344" (insufficient memory for mode)
(II) VGA(0): Not using default mode "896x672" (insufficient memory for mode)
(II) VGA(0): Not using default mode "1856x1392" (insufficient memory for mode)
(II) VGA(0): Not using default mode "928x696" (insufficient memory for mode)
(II) VGA(0): Not using default mode "1856x1392" (insufficient memory for mode)
(II) VGA(0): Not using default mode "928x696" (insufficient memory for mode)
(II) VGA(0): Not using default mode "1920x1440" (insufficient memory for mode)
(II) VGA(0): Not using default mode "960x720" (insufficient memory for mode)
(II) VGA(0): Not using default mode "1920x1440" (insufficient memory for mode)
(II) VGA(0): Not using default mode "960x720" (insufficient memory for mode)
(II) VGA(0): Not using default mode "832x624" (hsync out of range)
(II) VGA(0): Not using default mode "416x312" (hsync out of range)
(II) VGA(0): Not using default mode "1152x768" (insufficient memory for mode)
(II) VGA(0): Not using default mode "576x384" (hsync out of range)
(II) VGA(0): Not using default mode "1400x1050" (insufficient memory for mode)
(II) VGA(0): Not using default mode "700x525" (vrefresh out of range)
(II) VGA(0): Not using default mode "1400x1050" (insufficient memory for mode)
(II) VGA(0): Not using default mode "700x525" (vrefresh out of range)
(II) VGA(0): Not using default mode "1600x1024" (insufficient memory for mode)
(II) VGA(0): Not using default mode "800x512" (hsync out of range)
(II) VGA(0): Not using default mode "1920x1440" (insufficient memory for mode)
(II) VGA(0): Not using default mode "960x720" (insufficient memory for mode)
(II) VGA(0): Not using default mode "2048x1536" (insufficient memory for mode)
(II) VGA(0): Not using default mode "2048x1536" (insufficient memory for mode)
(II) VGA(0): Not using default mode "2048x1536" (insufficient memory for mode)
(WW) VGA(0): Mode pool is empty
(==) VGA(0): Virtual size is 320x200 (pitch 320)
(**) VGA(0):  Built-in mode "Generic 320x200 default mode": 12.6 MHz (scaled from 25.2 MHz), 31.5 kHz, 70.2 Hz (VScan)
(II) VGA(0): Modeline "Generic 320x200 default mode"   12.59  320 336 384 400  200 206 207 224 vscan 2 -hsync +vsync
(==) VGA(0): DPI set to (75, 75)
(II) Loading sub module "xf4bpp"
(II) LoadModule: "xf4bpp"
(II) Loading /usr/lib/modules/libxf4bpp.a
(II) Module xf4bpp: vendor="X.Org Foundation"
	compiled for 6.8.2, module version = 1.0.0
	ABI class: X.Org ANSI C Emulation, version 0.2
(II) Loading sub module "xf1bpp"
(II) LoadModule: "xf1bpp"
(II) Loading /usr/lib/modules/libxf1bpp.a
(II) Module xf1bpp: vendor="X.Org Foundation"
	compiled for 6.8.2, module version = 1.0.0
	ABI class: X.Org ANSI C Emulation, version 0.2
(II) do I need RAC?  No, I don't.
(II) resource ranges after preInit:
	[0] 0	0	0x80380000 - 0x8038ffff (0x10000) MS[B]
	[1] 0	0	0x88000000 - 0x8fffffff (0x8000000) MS[B]
	[2] -1	0	0xffe00000 - 0xffffffff (0x200000) MX[B](B)
	[3] -1	0	0x00100000 - 0x0fffffff (0xff00000) MX[B]E(B)
	[4] -1	0	0x000f0000 - 0x000fffff (0x10000) MX[B]
	[5] -1	0	0x000c0000 - 0x000effff (0x30000) MX[B]
	[6] -1	0	0x00000000 - 0x0009ffff (0xa0000) MX[B]
	[7] -1	0	0x10000400 - 0x100004ff (0x100) MX[B]
	[8] -1	0	0x80200000 - 0x80200fff (0x1000) MX[B]
	[9] -1	0	0x80180000 - 0x80180fff (0x1000) MX[B]
	[10] -1	0	0x80100000 - 0x80100fff (0x1000) MX[B]
	[11] -1	0	0x80280000 - 0x802800ff (0x100) MX[B]
	[12] -1	0	0x10000000 - 0x100003ff (0x400) MX[B]
	[13] -1	0	0xa0000000 - 0x9fffffff (0x0) MX[B]O
	[14] -1	0	0x80380000 - 0x8038ffff (0x10000) MX[B](B)
	[15] -1	0	0x88000000 - 0x8fffffff (0x8000000) MX[B](B)
	[16] 0	0	0x000a0000 - 0x000affff (0x10000) MS[B]
	[17] 0	0	0x000b0000 - 0x000b7fff (0x8000) MS[B](OprU)
	[18] 0	0	0x000b8000 - 0x000bffff (0x8000) MS[B](OprU)
	[19] 0	0	0x00003000 - 0x000030ff (0x100) IS[B]
	[20] -1	0	0x0000ffff - 0x0000ffff (0x1) IX[B]
	[21] -1	0	0x00000000 - 0x000000ff (0x100) IX[B]
	[22] -1	0	0x00002400 - 0x0000243f (0x40) IX[B]
	[23] -1	0	0x00002000 - 0x000020ff (0x100) IX[B]
	[24] -1	0	0x00002440 - 0x00002447 (0x8) IX[B]
	[25] -1	0	0x00004400 - 0x0000443f (0x40) IX[B]
	[26] -1	0	0x00004000 - 0x000040ff (0x100) IX[B]
	[27] -1	0	0x00004440 - 0x0000444f (0x10) IX[B]
	[28] -1	0	0x00003000 - 0x000030ff (0x100) IX[B](B)
	[29] 0	0	0x000003b0 - 0x000003bb (0xc) IS[B]
	[30] 0	0	0x000003c0 - 0x000003df (0x20) IS[B]
(WW) VGA(0): Cannot read colourmap from VGA.  Will restore with default
(==) RandR enabled
(II) Setting vga for screen 0.
(II) Initializing built-in extension MIT-SHM
(II) Initializing built-in extension XInputExtension
(II) Initializing built-in extension XTEST
(II) Initializing built-in extension XKEYBOARD
(II) Initializing built-in extension LBX
(II) Initializing built-in extension XC-APPGROUP
(II) Initializing built-in extension SECURITY
(II) Initializing built-in extension XINERAMA
(II) Initializing built-in extension XFIXES
(II) Initializing built-in extension XFree86-Bigfont
(II) Initializing built-in extension RENDER
(II) Initializing built-in extension RANDR
(II) Initializing built-in extension COMPOSITE
(II) Initializing built-in extension DAMAGE
(II) Initializing built-in extension XEVIE
(**) Option "CoreKeyboard"
(**) Keyboard0: Core Keyboard
(**) Option "Protocol" "standard"
(**) Keyboard0: Protocol: standard
(**) Option "AutoRepeat" "500 50"
(**) Option "XkbRules" "xorg"
(**) Keyboard0: XkbRules: "xorg"
(**) Option "XkbModel" "pc104"
(**) Keyboard0: XkbModel: "pc104"
(**) Option "XkbLayout" "dvorak"
(**) Keyboard0: XkbLayout: "dvorak"
(**) Option "XkbVariant" "nodeadkeys"
(**) Keyboard0: XkbVariant: "nodeadkeys"
(**) Option "CustomKeycodes" "off"
(**) Keyboard0: CustomKeycodes disabled
(WW) <default pointer>: No Device specified, looking for one...
(II) <default pointer>: Setting Device option to "/dev/psaux"
(--) <default pointer>: Device: "/dev/psaux"
(==) <default pointer>: Protocol: "Auto"
(**) Option "CorePointer"
(**) <default pointer>: Core Pointer
(==) <default pointer>: Emulate3Buttons, Emulate3Timeout: 50
(==) <default pointer>: Buttons: 3
(**) <default pointer>: SmartScroll: 1 
(II) XINPUT: Adding extended input device "<default pointer>" (type: MOUSE)
(II) XINPUT: Adding extended input device "Keyboard0" (type: KEYBOARD)
(--) <default pointer>: PnP-detected protocol: "ExplorerPS/2"
(II) <default pointer>: ps2EnableDataReporting: succeeded
